<?xml version="1.0" encoding="UTF-8"?>
<!-- Generated by org.testng.reporters.JUnitReportReporter -->
<testsuite hostname="INLN50877624A" name="ReportUtility.VerifyLoginPageWithReports4" tests="1" failures="0" timestamp="15 Jul 2016 09:14:18 GMT" time="8.412" errors="1">
  <testcase name="testHomePage" time="8.412" classname="ReportUtility.VerifyLoginPageWithReports4">
    <error type="java.lang.NullPointerException">
      <![CDATA[java.lang.NullPointerException
	at ReportUtility.VerifyLoginPageWithReports4.testHomePage(VerifyLoginPageWithReports4.java:40)
	at sun.reflect.NativeMethodAccessorImpl.invoke0(Native Method)
	at sun.reflect.NativeMethodAccessorImpl.invoke(Unknown Source)
	at sun.reflect.DelegatingMethodAccessorImpl.invoke(Unknown Source)
	at java.lang.reflect.Method.invoke(Unknown Source)
	at org.testng.internal.MethodInvocationHelper.invokeMethod(MethodInvocationHelper.java:85)
	at org.testng.internal.Invoker.invokeMethod(Invoker.java:659)
	at org.testng.internal.Invoker.invokeTestMethod(Invoker.java:845)
	at org.testng.internal.Invoker.invokeTestMethods(Invoker.java:1153)
	at org.testng.internal.TestMethodWorker.invokeTestMethods(TestMethodWorker.java:125)
	at org.testng.internal.TestMethodWorker.run(TestMethodWorker.java:108)
	at java.util.concurrent.ThreadPoolExecutor.runWorker(Unknown Source)
	at java.util.concurrent.ThreadPoolExecutor$Worker.run(Unknown Source)
	at java.lang.Thread.run(Unknown Source)
]]>
    </error>
  </testcase> <!-- testHomePage -->
</testsuite> <!-- ReportUtility.VerifyLoginPageWithReports4 -->
