<?xml version="1.0" encoding="UTF-8"?>
<!-- Generated by org.testng.reporters.JUnitReportReporter -->
<testsuite hostname="INLN50877624A" name="testcases.Select_Store" tests="1" failures="0" timestamp="13 Dec 2016 03:51:50 GMT" time="89.247" errors="0">
  <testcase name="testHomePage" time="89.247" classname="testcases.Select_Store"/>
</testsuite> <!-- testcases.Select_Store -->
