<?xml version="1.0" encoding="UTF-8"?>
<!-- Generated by org.testng.reporters.JUnitReportReporter -->
<testsuite hostname="INLN50877624A" name="ReportUtility.ParallelClass1" tests="1" failures="0" timestamp="15 Jul 2016 09:05:50 GMT" time="0.729" errors="0">
  <testcase name="parallelClass1TestResultMustEqualPass" time="0.729" classname="ReportUtility.ParallelClass1"/>
</testsuite> <!-- ReportUtility.ParallelClass1 -->
